Doanh Nghiệp Tư Nhân Thế Giới Mỹ Thuật Khung Tranh (Art World Picture Frame Pte Ent)!
Trang chủ
Đặt YellowPages làm trang chủ
Hỗ trợ tìm kiếm
Hỗ trợ đăng ký
sản phẩm dịch vụ
|
tên công ty
Từ khoá
Ở đâu
ví dụ:
văn phòng cho thuê, quà tặng, dịch thuật, du lịch, nhà hàng, ...
ví dụ:
q. 1, q. 3, hoàn kiếm, đống đa, tân bình, hạ long, ...
Doanh Nghiệp Tư Nhân Thế Giới Mỹ Thuật Khung Tranh
57 Nguyễn Du, P. Bến Nghé, Q. 1,
Tp. Hồ Chí Minh
(84)
08 - 38296403
Email: 
artworld@hcm.vnn.vn
CEO
:
Ông Lê Nghĩa Hiệp
(84)
>
Tranh Các Loại
(84)
Tel.................................................................................................................(08) 38296403
Tel.................................................................................................................(08) 38296403
Tag:
Trang chủ
|
Giới thiệu
|
Gian hàng trưng bày sản phẩm
 |
Dành cho nhà Tài Trợ
|
Đăng ký doanh nghiệp
|
Liên hệ - Góp ý
Copyright © 2008 YellowPages.vnn.vn . All rights reserved.
