AS - Công Ty TNHH Thương Mại Dịch Vụ (Asco) AS (AS Trading Service Co. Ltd)!
Trang chủ
Đặt YellowPages làm trang chủ
Hỗ trợ tìm kiếm
Hỗ trợ tìm kiếm
sản phẩm dịch vụ
tên công ty
Từ khoá
Ở đâu
ví dụ:
văn phòng cho thuê, quà tặng, dịch thuật, du lịch, nhà hàng, ...
ví dụ:
ví dụ:
AS - Công Ty TNHH Thương Mại Dịch Vụ (Asco) AS
Phòng 33, Tầng3, 6 Phùng Khắc Khoan, P. Đa Kao, Q. 1,
Tp. Hồ Chí Minh
(84)
08 - 38250240
Email: 
asco701@hcm.vnn.vn
CEO
:
Ông Hồ Văn Hán
Lĩnh vực kinh doanh:
>
Phụ Gia Thực Phẩm
Các số điện thoại chi tiết:
Tel.................................................................................................................(08) 38250240
Fax................................................................................................................(08) 38250241
Tag:
Trang chủ
Giới thiệu
Gian hàng trưng bày sản phẩm
 |
Dành cho nhà Tài Trợ
Đăng ký doanh nghiệp
Giới thiệu
Copyright © 2008 YellowPages.vnn.vn . All rights reserved.
