1	Cơ Sở 19/8 (19/8 Unit)!
0	Trang chủ
0	Đặt YellowPages làm trang chủ
0	Hỗ trợ tìm kiếm
0	Hỗ trợ đăng ký
0	sản phẩm dịch vụ
0	|
0	tên công ty
0	Từ khoá
0	Ở đâu
0	ví dụ:
0	văn phòng cho thuê, quà tặng, dịch thuật, du lịch, nhà hàng, ...
0	ví dụ:
0	q. 1, q. 3, hoàn kiếm, đống đa, tân bình, hạ long, ...
1	Cơ Sở 19/8
2	155/167B Lý Nam Đế, P. 7, Q. 11,
0	Tp. Hồ Chí Minh
0	(84)
3	08 - 38557404
0	Email: 
5	tongthanh@hcm.fpt.vn
0	CEO
0	:
7	Bà Bành Mùi
0	Lĩnh vực kinh doanh:
0	>
8	Bao Bì - Máy Móc & Thiết Bị
0	Các số điện thoại chi tiết:
3	Tel.................................................................................................................(08) 38557404
4	Fax................................................................................................................(08) 38557404
0	Tag:
0	Trang chủ
0	|
0	Giới thiệu
0	|
0	Gian hàng trưng bày sản phẩm
0	 |
0	Dành cho nhà Tài Trợ
0	|
0	Đăng ký doanh nghiệp
0	|
0	Liên hệ - Góp ý
0	Copyright © 2008 YellowPages.vnn.vn . All rights reserved.
