1	Bình An - Công Ty TNHH Hóa Keo Bình An (Binh An Colloidal Chemistry Co., Ltd)!
0	Trang chủ
0	Đặt YellowPages làm trang chủ
0	Hỗ trợ tìm kiếm
0	Hỗ trợ tìm kiếm
0	sản phẩm dịch vụ
0	tên công ty
0	Từ khoá
0	Ở đâu
0	ví dụ:
0	văn phòng cho thuê, quà tặng, dịch thuật, du lịch, nhà hàng, ...
0	ví dụ:
0	ví dụ:
1	Bình An - Công Ty TNHH Hóa Keo Bình An
2	45/9 Hoàng Diệu 2, P. Linh Trung, Q. Thủ Đức,
0	Tp. Hồ Chí Minh
0	(84)
3	08 - 37200037
0	Email: 
5	binhan.hk@ gmail.com
0	CEO
0	:
7	Ông Phan Văn Kha
0	Lĩnh vực kinh doanh:
0	>
8	Keo & Chất Dính
0	Lĩnh vực kinh doanh:
3	Tel.................................................................................................................(08) 37200037
3	Tel.................................................................................................................(08) 37200037
0	Tag:
0	Trang chủ
0	Giới thiệu
0	Gian hàng trưng bày sản phẩm
0	 |
0	Dành cho nhà Tài Trợ
0	Đăng ký doanh nghiệp
0	Giới thiệu
0	Copyright © 2008 YellowPages.vnn.vn . All rights reserved.
